0 info it worked if it ends with ok
1 verbose cli [ '/usr/bin/node', '/bin/npm', 'run', 'watch' ]
2 info using npm@3.10.8
3 info using node@v6.6.0
4 verbose run-script [ 'prewatch', 'watch', 'postwatch' ]
5 info lifecycle tutorial@1.0.0~prewatch: tutorial@1.0.0
6 silly lifecycle tutorial@1.0.0~prewatch: no script for prewatch, continuing
7 info lifecycle tutorial@1.0.0~watch: tutorial@1.0.0
8 verbose lifecycle tutorial@1.0.0~watch: unsafe-perm in lifecycle true
9 verbose lifecycle tutorial@1.0.0~watch: PATH: /usr/lib/node_modules/npm/bin/node-gyp-bin:/home/nicetwice/EASE-PROJECT/Ease/react-ease/node_modules/.bin:/usr/bin:/opt/cocos2d-x/templates:/opt:/opt/cocos2d-x/tools/cocos2d-console/bin:/bin:/sbin:/usr/bin:/usr/sbin:/usr/heimdal/bin:/usr/heimdal/sbin:/home/nicetwice/bin:/usr/include
10 verbose lifecycle tutorial@1.0.0~watch: CWD: /home/nicetwice/EASE-PROJECT/Ease/react-ease
11 silly lifecycle tutorial@1.0.0~watch: Args: [ '-c', 'webpack --progress --colors --watch' ]
12 silly lifecycle tutorial@1.0.0~watch: Returned: code: 1  signal: null
13 info lifecycle tutorial@1.0.0~watch: Failed to exec watch script
14 verbose stack Error: tutorial@1.0.0 watch: `webpack --progress --colors --watch`
14 verbose stack Exit status 1
14 verbose stack     at EventEmitter.<anonymous> (/usr/lib/node_modules/npm/lib/utils/lifecycle.js:255:16)
14 verbose stack     at emitTwo (events.js:106:13)
14 verbose stack     at EventEmitter.emit (events.js:191:7)
14 verbose stack     at ChildProcess.<anonymous> (/usr/lib/node_modules/npm/lib/utils/spawn.js:40:14)
14 verbose stack     at emitTwo (events.js:106:13)
14 verbose stack     at ChildProcess.emit (events.js:191:7)
14 verbose stack     at maybeClose (internal/child_process.js:877:16)
14 verbose stack     at Process.ChildProcess._handle.onexit (internal/child_process.js:226:5)
15 verbose pkgid tutorial@1.0.0
16 verbose cwd /home/nicetwice/EASE-PROJECT/Ease/react-ease
17 error Linux 4.7.4-1-ARCH
18 error argv "/usr/bin/node" "/bin/npm" "run" "watch"
19 error node v6.6.0
20 error npm  v3.10.8
21 error code ELIFECYCLE
22 error tutorial@1.0.0 watch: `webpack --progress --colors --watch`
22 error Exit status 1
23 error Failed at the tutorial@1.0.0 watch script 'webpack --progress --colors --watch'.
23 error Make sure you have the latest version of node.js and npm installed.
23 error If you do, this is most likely a problem with the tutorial package,
23 error not with npm itself.
23 error Tell the author that this fails on your system:
23 error     webpack --progress --colors --watch
23 error You can get information on how to open an issue for this project with:
23 error     npm bugs tutorial
23 error Or if that isn't available, you can get their info via:
23 error     npm owner ls tutorial
23 error There is likely additional logging output above.
24 verbose exit [ 1, true ]
